#-----------------------------------------------------------
# Vivado v2017.4 (64-bit)
# SW Build 2086221 on Fri Dec 15 20:55:39 MST 2017
# IP Build 2085800 on Fri Dec 15 22:25:07 MST 2017
# Start of session at: Wed Jul  5 18:12:07 2023
# Process ID: 9740
# Current directory: C:/Users/user/PSDS_project/VHDL_models/phaser_ip/ip_repo
# Command line: vivado.exe -gui_launcher_event rodinguilauncherevent13092 C:\Users\user\PSDS_project\VHDL_models\phaser_ip\ip_repo\edit_phaser_ip_v1_0.xpr
# Log file: C:/Users/user/PSDS_project/VHDL_models/phaser_ip/ip_repo/vivado.log
# Journal file: C:/Users/user/PSDS_project/VHDL_models/phaser_ip/ip_repo\vivado.jou
#-----------------------------------------------------------
start_gui
open_project C:/Users/user/PSDS_project/VHDL_models/phaser_ip/ip_repo/edit_phaser_ip_v1_0.xpr
Scanning sources...
Finished scanning sources
INFO: [IP_Flow 19-234] Refreshing IP repositories
INFO: [IP_Flow 19-1700] Loaded user IP repository 'c:/Users/user/PSDS_project/VHDL_models/phaser_ip/ip_repo/phaser_ip_1.0'.
INFO: [IP_Flow 19-2313] Loaded Vivado IP repository 'D:/Program_files/Vivado/Vivado/2017.4/data/ip'.
open_project: Time (s): cpu = 00:00:10 ; elapsed = 00:00:07 . Memory (MB): peak = 776.441 ; gain = 97.609
update_compile_order -fileset sources_1
exit
INFO: [Common 17-206] Exiting Vivado at Wed Jul  5 18:12:37 2023...
