Exception at PC 0x00007FFAF3B64FD9
Exception at PC 0x00007FFAF3B64FD9
Exception at PC 0x00007FFAF3B64FD9
Exception at PC 0x00007FFAF3B64FD9
Exception at PC 0x00007FFA31D4E132
Attemped to write at address 0x00007FFAC7034AA4
Printing stacktrace...

[0]  [0x00007FFA31D4E132]
[1]  [0x00007FFA31D4E132]
[2]  [0x00007FFA31D4E194]
[3]  [0x00007FFA3199D0D7]
[4]  [0x00007FFA31882BCA]
[5]  [0x00007FFA31882FD1]
[6]  [0x00007FFA31D4EB2F]
[7]  [0x00007FFA31C0C19D]
[8]  [0x00007FFA31C05942]
[9]  [0x00007FFA31C05AB5]
[10] (RtlActivateActivationContextUnsafeFast+0x11d) [0x00007FFAF61C9A1D]
[11] (LdrShutdownProcess+0x141) [0x00007FFAF620DB91]
[12] (RtlExitUserProcess+0xad) [0x00007FFAF620DA2D]
[13] (FatalExit+0xb) [0x00007FFAF43FE0AB]
[14] (exit+0x85) [0x00007FFAF5FBA155]
[15] (initterm_e+0x245) [0x00007FFAF5FBA7C5]
[16]  [0x00000000004014CD]
[17]  [0x000000000040151B]
[18] (BaseThreadInitThunk+0x14) [0x00007FFAF43F7034]
[19] (RtlUserThreadStart+0x21) [0x00007FFAF6202651]
Done
